Command line:
   Datapath_isim_beh.exe
     -simmode  gui
     -simrunnum  0
     -socket  50641

Mon Nov 23 19:06:56 2015


 Elaboration Time: 0.078 sec

 Current Memory Usage: 667.759 Meg

 Total Signals          : 87
 Total Nets             : 698
 Total Signal Drivers   : 37
 Total Blocks           : 13
 Total Primitive Blocks : 12
 Total Processes        : 75
 Total Traceable Variables  : 42
 Total Scalar Nets and Variables : 2833
Total Line Count : 121

 Total Simulation Time: 0.1248 sec

 Current Memory Usage: 667.759 Meg

Mon Nov 23 19:07:04 2015

