Command line:
   Datapath_tb_isim_beh.exe
     -simmode  gui
     -simrunnum  0
     -socket  49704

Sun Nov 22 19:24:07 2015


 Elaboration Time: 0.062401 sec

 Current Memory Usage: 667.767 Meg

 Total Signals          : 88
 Total Nets             : 698
 Total Signal Drivers   : 47
 Total Blocks           : 14
 Total Primitive Blocks : 12
 Total Processes        : 84
 Total Traceable Variables  : 52
 Total Scalar Nets and Variables : 2845
Total Line Count : 352

 Total Simulation Time: 0.140401 sec

 Current Memory Usage: 667.767 Meg

Sun Nov 22 19:27:50 2015

