Command line:
   InstructionDecoder_tb_isim_beh.exe
     -simmode  gui
     -simrunnum  0
     -socket  50726

Thu Nov 19 22:27:06 2015


 Elaboration Time: 0.0312 sec

 Current Memory Usage: 667.742 Meg

 Total Signals          : 21
 Total Nets             : 84
 Total Signal Drivers   : 13
 Total Blocks           : 3
 Total Primitive Blocks : 2
 Total Processes        : 22
 Total Traceable Variables  : 26
 Total Scalar Nets and Variables : 235
Total Line Count : 33

 Total Simulation Time: 0.0468 sec

 Current Memory Usage: 982.315 Meg

Thu Nov 19 22:27:43 2015

