Command line:
   IMem_isim_beh.exe
     -simmode  gui
     -simrunnum  0
     -socket  49246

Sun Nov 22 15:16:00 2015


 Elaboration Time: 0.015601 sec

 Current Memory Usage: 667.742 Meg

 Total Signals          : 14
 Total Nets             : 77
 Total Signal Drivers   : 6
 Total Blocks           : 2
 Total Primitive Blocks : 2
 Total Processes        : 8
 Total Traceable Variables  : 20
 Total Scalar Nets and Variables : 221
Total Line Count : 41

 Total Simulation Time: 0.015601 sec

 Current Memory Usage: 667.742 Meg

Sun Nov 22 15:16:09 2015

