Command line:
   Data_tb_isim_beh.exe
     -simmode  gui
     -simrunnum  0
     -socket  49628

Mon Nov 30 21:36:34 2015


 Elaboration Time: 0.0312 sec

 Current Memory Usage: 667.775 Meg

 Total Signals          : 90
 Total Nets             : 799
 Total Signal Drivers   : 52
 Total Blocks           : 13
 Total Primitive Blocks : 11
 Total Processes        : 90
 Total Traceable Variables  : 51
 Total Scalar Nets and Variables : 2945
Total Line Count : 396

 Total Simulation Time: 0.343202 sec

 Current Memory Usage: 982.348 Meg

Mon Nov 30 21:37:49 2015

