--------------------------------------------------------------------------------
Release 14.7 Trace  (nt64)
Copyright (c) 1995-2013 Xilinx, Inc.  All rights reserved.

C:\Xilinx\14.7\ISE_DS\ISE\bin\nt64\unwrapped\trce.exe -intstyle ise -v 3 -s 3
-n 3 -fastpaths -xml Controller.twx Controller.ncd -o Controller.twr
Controller.pcf

Design file:              Controller.ncd
Physical constraint file: Controller.pcf
Device,package,speed:     xc7a100t,csg324,C,-3 (PRODUCTION 1.10 2013-10-13)
Report level:             verbose report

Environment Variable      Effect 
--------------------      ------ 
NONE                      No environment variables were set
--------------------------------------------------------------------------------

INFO:Timing:2698 - No timing constraints found, doing default enumeration.
INFO:Timing:3412 - To improve timing, see the Timing Closure User Guide (UG612).
INFO:Timing:2752 - To get complete path coverage, use the unconstrained paths 
   option. All paths that are not constrained will be reported in the 
   unconstrained paths section(s) of the report.
INFO:Timing:3339 - The clock-to-out numbers in this timing report are based on 
   a 50 Ohm transmission line loading model.  For the details of this model, 
   and for more information on accounting for different loading conditions, 
   please see the device datasheet.



Data Sheet report:
-----------------
All values displayed in nanoseconds (ns)

Setup/Hold to clock Instruction_ctrlIn<0>
------------+------------+------------+------------+------------+--------------------------+--------+
            |Max Setup to|  Process   |Max Hold to |  Process   |                          | Clock  |
Source      | clk (edge) |   Corner   | clk (edge) |   Corner   |Internal Clock(s)         | Phase  |
------------+------------+------------+------------+------------+--------------------------+--------+
reset       |    0.023(F)|      FAST  |    1.328(F)|      SLOW  |state[3]_GND_21_o_Mux_55_o|   0.000|
------------+------------+------------+------------+------------+--------------------------+--------+

Setup/Hold to clock Instruction_ctrlIn<1>
------------+------------+------------+------------+------------+--------------------------+--------+
            |Max Setup to|  Process   |Max Hold to |  Process   |                          | Clock  |
Source      | clk (edge) |   Corner   | clk (edge) |   Corner   |Internal Clock(s)         | Phase  |
------------+------------+------------+------------+------------+--------------------------+--------+
reset       |   -0.116(F)|      FAST  |    1.379(F)|      SLOW  |state[3]_GND_21_o_Mux_55_o|   0.000|
------------+------------+------------+------------+------------+--------------------------+--------+

Setup/Hold to clock Instruction_ctrlIn<2>
------------+------------+------------+------------+------------+--------------------------+--------+
            |Max Setup to|  Process   |Max Hold to |  Process   |                          | Clock  |
Source      | clk (edge) |   Corner   | clk (edge) |   Corner   |Internal Clock(s)         | Phase  |
------------+------------+------------+------------+------------+--------------------------+--------+
reset       |   -0.032(F)|      FAST  |    1.725(F)|      SLOW  |state[3]_GND_21_o_Mux_55_o|   0.000|
------------+------------+------------+------------+------------+--------------------------+--------+

Setup/Hold to clock Instruction_ctrlIn<3>
------------+------------+------------+------------+------------+--------------------------+--------+
            |Max Setup to|  Process   |Max Hold to |  Process   |                          | Clock  |
Source      | clk (edge) |   Corner   | clk (edge) |   Corner   |Internal Clock(s)         | Phase  |
------------+------------+------------+------------+------------+--------------------------+--------+
reset       |   -0.073(F)|      FAST  |    1.502(F)|      SLOW  |state[3]_GND_21_o_Mux_55_o|   0.000|
------------+------------+------------+------------+------------+--------------------------+--------+

Setup/Hold to clock Instruction_ctrlIn<4>
------------+------------+------------+------------+------------+--------------------------+--------+
            |Max Setup to|  Process   |Max Hold to |  Process   |                          | Clock  |
Source      | clk (edge) |   Corner   | clk (edge) |   Corner   |Internal Clock(s)         | Phase  |
------------+------------+------------+------------+------------+--------------------------+--------+
reset       |    0.010(F)|      FAST  |    1.706(F)|      SLOW  |state[3]_GND_21_o_Mux_55_o|   0.000|
------------+------------+------------+------------+------------+--------------------------+--------+

Setup/Hold to clock Instruction_ctrlIn<5>
------------+------------+------------+------------+------------+--------------------------+--------+
            |Max Setup to|  Process   |Max Hold to |  Process   |                          | Clock  |
Source      | clk (edge) |   Corner   | clk (edge) |   Corner   |Internal Clock(s)         | Phase  |
------------+------------+------------+------------+------------+--------------------------+--------+
reset       |    0.115(F)|      FAST  |    1.495(F)|      SLOW  |state[3]_GND_21_o_Mux_55_o|   0.000|
------------+------------+------------+------------+------------+--------------------------+--------+

Clock to Setup on destination clock Instruction_ctrlIn<0>
---------------------+---------+---------+---------+---------+
                     | Src:Rise| Src:Fall| Src:Rise| Src:Fall|
Source Clock         |Dest:Rise|Dest:Rise|Dest:Fall|Dest:Fall|
---------------------+---------+---------+---------+---------+
Instruction_ctrlIn<0>|         |         |    0.967|    0.967|
Instruction_ctrlIn<1>|         |         |    0.844|    0.844|
Instruction_ctrlIn<2>|         |         |    0.930|    0.930|
Instruction_ctrlIn<3>|         |         |    1.042|    1.042|
Instruction_ctrlIn<4>|         |         |    0.320|    0.320|
Instruction_ctrlIn<5>|         |         |    0.604|    0.604|
clock                |         |         |    3.702|         |
---------------------+---------+---------+---------+---------+

Clock to Setup on destination clock Instruction_ctrlIn<1>
---------------------+---------+---------+---------+---------+
                     | Src:Rise| Src:Fall| Src:Rise| Src:Fall|
Source Clock         |Dest:Rise|Dest:Rise|Dest:Fall|Dest:Fall|
---------------------+---------+---------+---------+---------+
Instruction_ctrlIn<0>|         |         |    0.748|    0.748|
Instruction_ctrlIn<1>|         |         |    0.625|    0.625|
Instruction_ctrlIn<2>|         |         |    0.711|    0.711|
Instruction_ctrlIn<3>|         |         |    0.823|    0.823|
Instruction_ctrlIn<4>|         |         |    0.146|    0.146|
Instruction_ctrlIn<5>|         |         |    0.385|    0.385|
clock                |         |         |    3.702|         |
---------------------+---------+---------+---------+---------+

Clock to Setup on destination clock Instruction_ctrlIn<2>
---------------------+---------+---------+---------+---------+
                     | Src:Rise| Src:Fall| Src:Rise| Src:Fall|
Source Clock         |Dest:Rise|Dest:Rise|Dest:Fall|Dest:Fall|
---------------------+---------+---------+---------+---------+
Instruction_ctrlIn<0>|         |         |    0.889|    0.889|
Instruction_ctrlIn<1>|         |         |    0.766|    0.766|
Instruction_ctrlIn<2>|         |         |    0.852|    0.852|
Instruction_ctrlIn<3>|         |         |    0.964|    0.964|
Instruction_ctrlIn<4>|         |         |    0.242|    0.242|
Instruction_ctrlIn<5>|         |         |    0.526|    0.526|
clock                |         |         |    3.702|         |
---------------------+---------+---------+---------+---------+

Clock to Setup on destination clock Instruction_ctrlIn<3>
---------------------+---------+---------+---------+---------+
                     | Src:Rise| Src:Fall| Src:Rise| Src:Fall|
Source Clock         |Dest:Rise|Dest:Rise|Dest:Fall|Dest:Fall|
---------------------+---------+---------+---------+---------+
Instruction_ctrlIn<0>|         |         |    0.842|    0.842|
Instruction_ctrlIn<1>|         |         |    0.719|    0.719|
Instruction_ctrlIn<2>|         |         |    0.805|    0.805|
Instruction_ctrlIn<3>|         |         |    0.917|    0.917|
Instruction_ctrlIn<4>|         |         |    0.195|    0.195|
Instruction_ctrlIn<5>|         |         |    0.479|    0.479|
clock                |         |         |    3.702|         |
---------------------+---------+---------+---------+---------+

Clock to Setup on destination clock Instruction_ctrlIn<4>
---------------------+---------+---------+---------+---------+
                     | Src:Rise| Src:Fall| Src:Rise| Src:Fall|
Source Clock         |Dest:Rise|Dest:Rise|Dest:Fall|Dest:Fall|
---------------------+---------+---------+---------+---------+
Instruction_ctrlIn<0>|         |         |    0.933|    0.933|
Instruction_ctrlIn<1>|         |         |    0.810|    0.810|
Instruction_ctrlIn<2>|         |         |    0.896|    0.896|
Instruction_ctrlIn<3>|         |         |    1.008|    1.008|
Instruction_ctrlIn<4>|         |         |    0.286|    0.286|
Instruction_ctrlIn<5>|         |         |    0.570|    0.570|
clock                |         |         |    3.702|         |
---------------------+---------+---------+---------+---------+

Clock to Setup on destination clock Instruction_ctrlIn<5>
---------------------+---------+---------+---------+---------+
                     | Src:Rise| Src:Fall| Src:Rise| Src:Fall|
Source Clock         |Dest:Rise|Dest:Rise|Dest:Fall|Dest:Fall|
---------------------+---------+---------+---------+---------+
Instruction_ctrlIn<0>|         |         |    1.094|    1.094|
Instruction_ctrlIn<1>|         |         |    0.971|    0.971|
Instruction_ctrlIn<2>|         |         |    1.057|    1.057|
Instruction_ctrlIn<3>|         |         |    1.169|    1.169|
Instruction_ctrlIn<4>|         |         |    0.447|    0.447|
Instruction_ctrlIn<5>|         |         |    0.731|    0.731|
clock                |         |         |    3.702|         |
---------------------+---------+---------+---------+---------+

Clock to Setup on destination clock clock
---------------------+---------+---------+---------+---------+
                     | Src:Rise| Src:Fall| Src:Rise| Src:Fall|
Source Clock         |Dest:Rise|Dest:Rise|Dest:Fall|Dest:Fall|
---------------------+---------+---------+---------+---------+
Instruction_ctrlIn<0>|         |    1.022|         |         |
Instruction_ctrlIn<1>|         |    1.022|         |         |
Instruction_ctrlIn<2>|         |    1.022|         |         |
Instruction_ctrlIn<3>|         |    1.022|         |         |
Instruction_ctrlIn<4>|         |    1.022|         |         |
Instruction_ctrlIn<5>|         |    1.022|         |         |
---------------------+---------+---------+---------+---------+


Analysis completed Thu Nov 19 22:12:43 2015 
--------------------------------------------------------------------------------

Trace Settings:
-------------------------
Trace Settings 

Peak Memory Usage: 614 MB



