Command line:
   twomux32_isim_beh.exe
     -simmode  gui
     -simrunnum  0
     -socket  49200

Sun Nov 22 15:02:02 2015


 Elaboration Time: 0.0312 sec

 Current Memory Usage: 667.742 Meg

 Total Signals          : 17
 Total Nets             : 110
 Total Signal Drivers   : 6
 Total Blocks           : 2
 Total Primitive Blocks : 2
 Total Processes        : 7
 Total Traceable Variables  : 18
 Total Scalar Nets and Variables : 190
Total Line Count : 15

 Total Simulation Time: 0.0312 sec

 Current Memory Usage: 667.742 Meg

Sun Nov 22 15:04:11 2015

