Command line:
   Controller_tb_isim_beh.exe
     -simmode  gui
     -simrunnum  0
     -socket  49185

Sun Nov 15 15:38:10 2015


 Elaboration Time: 0.0312 sec

 Current Memory Usage: 667.75 Meg

 Total Signals          : 30
 Total Nets             : 38
 Total Signal Drivers   : 22
 Total Blocks           : 3
 Total Primitive Blocks : 2
 Total Processes        : 29
 Total Traceable Variables  : 37
 Total Scalar Nets and Variables : 151
Total Line Count : 166

 Total Simulation Time: 0.358802 sec

 Current Memory Usage: 667.75 Meg

Sun Nov 15 15:47:39 2015

